TN:
SF:app/js/app.js
FN:3,(anonymous_0)
FN:14,(anonymous_1)
FN:18,(anonymous_2)
FN:23,(anonymous_3)
FN:25,onSuccess
FN:33,onError
FN:41,(anonymous_6)
FN:49,(anonymous_7)
FN:55,(anonymous_8)
FN:76,(anonymous_9)
FN:86,(anonymous_10)
FN:96,onSuccess
FN:103,onError
FN:123,(anonymous_13)
FN:125,(anonymous_14)
FN:142,(anonymous_15)
FN:148,(anonymous_16)
FN:150,onSuccess
FN:155,onError
FN:162,(anonymous_19)
FN:163,onSuccess
FN:169,onError
FNF:22
FNH:9
FNDA:5,(anonymous_0)
FNDA:10,(anonymous_1)
FNDA:0,(anonymous_2)
FNDA:5,(anonymous_3)
FNDA:5,onSuccess
FNDA:0,onError
FNDA:0,(anonymous_6)
FNDA:0,(anonymous_7)
FNDA:6,(anonymous_8)
FNDA:3,(anonymous_9)
FNDA:0,(anonymous_10)
FNDA:0,onSuccess
FNDA:0,onError
FNDA:5,(anonymous_13)
FNDA:2,(anonymous_14)
FNDA:5,(anonymous_15)
FNDA:0,(anonymous_16)
FNDA:0,onSuccess
FNDA:0,onError
FNDA:0,(anonymous_19)
FNDA:0,onSuccess
FNDA:0,onError
DA:1,1
DA:3,1
DA:4,5
DA:5,5
DA:6,5
DA:7,5
DA:8,5
DA:9,5
DA:12,5
DA:13,5
DA:14,5
DA:15,10
DA:18,5
DA:19,0
DA:23,5
DA:24,5
DA:25,5
DA:26,5
DA:27,5
DA:28,5
DA:29,5
DA:30,5
DA:31,5
DA:32,5
DA:34,0
DA:35,0
DA:41,5
DA:42,0
DA:45,5
DA:49,5
DA:50,0
DA:51,0
DA:55,5
DA:56,6
DA:57,6
DA:58,6
DA:59,6
DA:61,6
DA:62,12
DA:63,12
DA:64,36
DA:65,36
DA:66,36
DA:69,12
DA:72,6
DA:73,6
DA:76,5
DA:77,3
DA:78,9
DA:80,9
DA:81,2
DA:86,5
DA:87,0
DA:89,0
DA:90,0
DA:92,0
DA:93,0
DA:95,0
DA:96,0
DA:97,0
DA:98,0
DA:99,0
DA:100,0
DA:101,0
DA:102,0
DA:104,0
DA:105,0
DA:110,0
DA:115,0
DA:121,5
DA:122,5
DA:123,5
DA:124,5
DA:125,5
DA:126,2
DA:127,2
DA:128,2
DA:129,2
DA:130,6
DA:131,6
DA:132,3
DA:133,3
DA:135,3
DA:138,2
DA:139,2
DA:142,5
DA:143,5
DA:144,12
DA:148,5
DA:149,0
DA:150,0
DA:151,0
DA:152,0
DA:153,0
DA:156,0
DA:157,0
DA:162,5
DA:163,0
DA:164,0
DA:165,0
DA:166,0
DA:167,0
DA:168,0
DA:170,0
DA:171,0
LF:105
LH:67
BRDA:64,0,0,36
BRDA:64,0,1,0
BRDA:80,1,0,2
BRDA:80,1,1,7
BRDA:89,2,0,0
BRDA:89,2,1,0
BRDA:89,3,0,0
BRDA:89,3,1,0
BRDA:92,4,0,0
BRDA:92,4,1,0
BRDA:129,5,0,8
BRDA:129,5,1,6
BRDA:131,6,0,3
BRDA:131,6,1,3
BRDA:131,7,0,6
BRDA:131,7,1,3
BRDA:144,8,0,4
BRDA:144,8,1,8
BRF:18
BRH:11
end_of_record
